0 info it worked if it ends with ok
1 verbose cli [ '/usr/local/bin/node', '/usr/local/bin/npm', 'install', 'node' ]
2 info using npm@3.10.10
3 info using node@v6.10.3
4 silly loadCurrentTree Starting
5 silly install loadCurrentTree
6 silly install readLocalPackageData
7 silly fetchPackageMetaData node
8 silly fetchNamedPackageData node
9 silly mapToRegistry name node
10 silly mapToRegistry using default registry
11 silly mapToRegistry registry https://registry.npmjs.org/
12 silly mapToRegistry data Result {
12 silly mapToRegistry   raw: 'node',
12 silly mapToRegistry   scope: null,
12 silly mapToRegistry   escapedName: 'node',
12 silly mapToRegistry   name: 'node',
12 silly mapToRegistry   rawSpec: '',
12 silly mapToRegistry   spec: 'latest',
12 silly mapToRegistry   type: 'tag' }
13 silly mapToRegistry uri https://registry.npmjs.org/node
14 verbose request uri https://registry.npmjs.org/node
15 verbose request no auth needed
16 info attempt registry request try #1 at 12:30:26
17 verbose request id 7d959b3665b6bf1a
18 http request GET https://registry.npmjs.org/node
19 http 200 https://registry.npmjs.org/node
20 verbose headers { server: 'nginx/1.10.3',
20 verbose headers   'content-type': 'application/json',
20 verbose headers   'last-modified': 'Thu, 16 Nov 2017 04:51:24 GMT',
20 verbose headers   etag: 'W/"5a0d194c-5130e"',
20 verbose headers   'content-encoding': 'gzip',
20 verbose headers   'cache-control': 'max-age=300',
20 verbose headers   'content-length': '53626',
20 verbose headers   'accept-ranges': 'bytes',
20 verbose headers   date: 'Sun, 19 Nov 2017 04:30:28 GMT',
20 verbose headers   via: '1.1 varnish',
20 verbose headers   age: '0',
20 verbose headers   connection: 'keep-alive',
20 verbose headers   'x-served-by': 'cache-lax8623-LAX',
20 verbose headers   'x-cache': 'MISS',
20 verbose headers   'x-cache-hits': '0',
20 verbose headers   'x-timer': 'S1511065829.648810,VS0,VE213',
20 verbose headers   vary: 'Accept-Encoding, Accept' }
21 silly get cb [ 200,
21 silly get   { server: 'nginx/1.10.3',
21 silly get     'content-type': 'application/json',
21 silly get     'last-modified': 'Thu, 16 Nov 2017 04:51:24 GMT',
21 silly get     etag: 'W/"5a0d194c-5130e"',
21 silly get     'content-encoding': 'gzip',
21 silly get     'cache-control': 'max-age=300',
21 silly get     'content-length': '53626',
21 silly get     'accept-ranges': 'bytes',
21 silly get     date: 'Sun, 19 Nov 2017 04:30:28 GMT',
21 silly get     via: '1.1 varnish',
21 silly get     age: '0',
21 silly get     connection: 'keep-alive',
21 silly get     'x-served-by': 'cache-lax8623-LAX',
21 silly get     'x-cache': 'MISS',
21 silly get     'x-cache-hits': '0',
21 silly get     'x-timer': 'S1511065829.648810,VS0,VE213',
21 silly get     vary: 'Accept-Encoding, Accept' } ]
22 verbose get saving node to /Users/apple/.npm/registry.npmjs.org/node/.cache.json
23 verbose correctMkdir /Users/apple/.npm correctMkdir not in flight; initializing
24 silly install normalizeTree
25 silly loadCurrentTree Finishing
26 silly loadIdealTree Starting
27 silly install loadIdealTree
28 silly cloneCurrentTree Starting
29 silly install cloneCurrentTreeToIdealTree
30 silly cloneCurrentTree Finishing
31 silly loadShrinkwrap Starting
32 silly install loadShrinkwrap
33 silly loadShrinkwrap Finishing
34 silly loadAllDepsIntoIdealTree Starting
35 silly install loadAllDepsIntoIdealTree
36 silly resolveWithNewModule node@9.2.0 checking installable status
37 silly cache add args [ 'node', null ]
38 verbose cache add spec node
39 silly cache add parsed spec Result {
39 silly cache add   raw: 'node',
39 silly cache add   scope: null,
39 silly cache add   escapedName: 'node',
39 silly cache add   name: 'node',
39 silly cache add   rawSpec: '',
39 silly cache add   spec: 'latest',
39 silly cache add   type: 'tag' }
40 silly addNamed node@latest
41 verbose addNamed "latest" is being treated as a dist-tag for node
42 info addNameTag [ 'node', 'latest' ]
43 silly mapToRegistry name node
44 silly mapToRegistry using default registry
45 silly mapToRegistry registry https://registry.npmjs.org/
46 silly mapToRegistry data Result {
46 silly mapToRegistry   raw: 'node',
46 silly mapToRegistry   scope: null,
46 silly mapToRegistry   escapedName: 'node',
46 silly mapToRegistry   name: 'node',
46 silly mapToRegistry   rawSpec: '',
46 silly mapToRegistry   spec: 'latest',
46 silly mapToRegistry   type: 'tag' }
47 silly mapToRegistry uri https://registry.npmjs.org/node
48 verbose addNameTag registry:https://registry.npmjs.org/node not in flight; fetching
49 verbose get https://registry.npmjs.org/node not expired, no request
50 silly addNameTag next cb for node with tag latest
51 silly addNamed node@9.2.0
52 verbose addNamed "9.2.0" is a plain semver version for node
53 silly mapToRegistry name node
54 silly mapToRegistry using default registry
55 silly mapToRegistry registry https://registry.npmjs.org/
56 silly mapToRegistry data Result {
56 silly mapToRegistry   raw: 'node',
56 silly mapToRegistry   scope: null,
56 silly mapToRegistry   escapedName: 'node',
56 silly mapToRegistry   name: 'node',
56 silly mapToRegistry   rawSpec: '',
56 silly mapToRegistry   spec: 'latest',
56 silly mapToRegistry   type: 'tag' }
57 silly mapToRegistry uri https://registry.npmjs.org/node
58 verbose addRemoteTarball https://registry.npmjs.org/node/-/node-9.2.0.tgz not in flight; adding
59 verbose addRemoteTarball [ 'https://registry.npmjs.org/node/-/node-9.2.0.tgz',
59 verbose addRemoteTarball   '1d2171051dbc1856f993bb0dc72fbfdf4b9c9e62' ]
60 info retry fetch attempt 1 at 12:30:30
61 info attempt registry request try #1 at 12:30:30
62 http fetch GET https://registry.npmjs.org/node/-/node-9.2.0.tgz
63 http fetch 200 https://registry.npmjs.org/node/-/node-9.2.0.tgz
64 silly fetchAndShaCheck shasum 1d2171051dbc1856f993bb0dc72fbfdf4b9c9e62
65 verbose addTmpTarball /var/folders/zw/vp0rpxk571dbxhk9c6cmzj9r0000gn/T/npm-1121-e68b7a6f/registry.npmjs.org/node/-/node-9.2.0.tgz not in flight; adding
66 verbose addTmpTarball already have metadata; skipping unpack for node@9.2.0
67 verbose correctMkdir /Users/apple/.npm correctMkdir not in flight; initializing
68 silly cache afterAdd node@9.2.0
69 verbose afterAdd /Users/apple/.npm/node/9.2.0/package/package.json not in flight; writing
70 verbose correctMkdir /Users/apple/.npm correctMkdir not in flight; initializing
71 verbose afterAdd /Users/apple/.npm/node/9.2.0/package/package.json written
72 silly fetchNamedPackageData node-bin-setup
73 silly mapToRegistry name node-bin-setup
74 silly mapToRegistry using default registry
75 silly mapToRegistry registry https://registry.npmjs.org/
76 silly mapToRegistry data Result {
76 silly mapToRegistry   raw: 'node-bin-setup',
76 silly mapToRegistry   scope: null,
76 silly mapToRegistry   escapedName: 'node-bin-setup',
76 silly mapToRegistry   name: 'node-bin-setup',
76 silly mapToRegistry   rawSpec: '',
76 silly mapToRegistry   spec: 'latest',
76 silly mapToRegistry   type: 'tag' }
77 silly mapToRegistry uri https://registry.npmjs.org/node-bin-setup
78 verbose request uri https://registry.npmjs.org/node-bin-setup
79 verbose request no auth needed
80 info attempt registry request try #1 at 12:30:30
81 http request GET https://registry.npmjs.org/node-bin-setup
82 http 200 https://registry.npmjs.org/node-bin-setup
83 verbose headers { server: 'nginx/1.10.1',
83 verbose headers   'content-type': 'application/json',
83 verbose headers   'last-modified': 'Tue, 25 Jul 2017 03:32:58 GMT',
83 verbose headers   etag: 'W/"5976bbea-1511"',
83 verbose headers   'content-encoding': 'gzip',
83 verbose headers   'cache-control': 'max-age=300',
83 verbose headers   'content-length': '1464',
83 verbose headers   'accept-ranges': 'bytes',
83 verbose headers   date: 'Sun, 19 Nov 2017 04:30:30 GMT',
83 verbose headers   via: '1.1 varnish',
83 verbose headers   age: '0',
83 verbose headers   connection: 'keep-alive',
83 verbose headers   'x-served-by': 'cache-lax8623-LAX',
83 verbose headers   'x-cache': 'MISS',
83 verbose headers   'x-cache-hits': '0',
83 verbose headers   'x-timer': 'S1511065831.787522,VS0,VE128',
83 verbose headers   vary: 'Accept-Encoding, Accept' }
84 silly get cb [ 200,
84 silly get   { server: 'nginx/1.10.1',
84 silly get     'content-type': 'application/json',
84 silly get     'last-modified': 'Tue, 25 Jul 2017 03:32:58 GMT',
84 silly get     etag: 'W/"5976bbea-1511"',
84 silly get     'content-encoding': 'gzip',
84 silly get     'cache-control': 'max-age=300',
84 silly get     'content-length': '1464',
84 silly get     'accept-ranges': 'bytes',
84 silly get     date: 'Sun, 19 Nov 2017 04:30:30 GMT',
84 silly get     via: '1.1 varnish',
84 silly get     age: '0',
84 silly get     connection: 'keep-alive',
84 silly get     'x-served-by': 'cache-lax8623-LAX',
84 silly get     'x-cache': 'MISS',
84 silly get     'x-cache-hits': '0',
84 silly get     'x-timer': 'S1511065831.787522,VS0,VE128',
84 silly get     vary: 'Accept-Encoding, Accept' } ]
85 verbose get saving node-bin-setup to /Users/apple/.npm/registry.npmjs.org/node-bin-setup/.cache.json
86 verbose correctMkdir /Users/apple/.npm correctMkdir not in flight; initializing
87 silly resolveWithNewModule node-bin-setup@1.0.6 checking installable status
88 silly cache add args [ 'node-bin-setup@^1.0.0', null ]
89 verbose cache add spec node-bin-setup@^1.0.0
90 silly cache add parsed spec Result {
90 silly cache add   raw: 'node-bin-setup@^1.0.0',
90 silly cache add   scope: null,
90 silly cache add   escapedName: 'node-bin-setup',
90 silly cache add   name: 'node-bin-setup',
90 silly cache add   rawSpec: '^1.0.0',
90 silly cache add   spec: '>=1.0.0 <2.0.0',
90 silly cache add   type: 'range' }
91 silly addNamed node-bin-setup@>=1.0.0 <2.0.0
92 verbose addNamed ">=1.0.0 <2.0.0" is a valid semver range for node-bin-setup
93 silly addNameRange { name: 'node-bin-setup',
93 silly addNameRange   range: '>=1.0.0 <2.0.0',
93 silly addNameRange   hasData: false }
94 silly mapToRegistry name node-bin-setup
95 silly mapToRegistry using default registry
96 silly mapToRegistry registry https://registry.npmjs.org/
97 silly mapToRegistry data Result {
97 silly mapToRegistry   raw: 'node-bin-setup',
97 silly mapToRegistry   scope: null,
97 silly mapToRegistry   escapedName: 'node-bin-setup',
97 silly mapToRegistry   name: 'node-bin-setup',
97 silly mapToRegistry   rawSpec: '',
97 silly mapToRegistry   spec: 'latest',
97 silly mapToRegistry   type: 'tag' }
98 silly mapToRegistry uri https://registry.npmjs.org/node-bin-setup
99 verbose addNameRange registry:https://registry.npmjs.org/node-bin-setup not in flight; fetching
100 verbose get https://registry.npmjs.org/node-bin-setup not expired, no request
101 silly addNameRange number 2 { name: 'node-bin-setup',
101 silly addNameRange   range: '>=1.0.0 <2.0.0',
101 silly addNameRange   hasData: true }
102 silly addNameRange versions [ 'node-bin-setup',
102 silly addNameRange   [ '1.0.0', '1.0.1', '1.0.2', '1.0.3', '1.0.4', '1.0.6' ] ]
103 silly addNamed node-bin-setup@1.0.6
104 verbose addNamed "1.0.6" is a plain semver version for node-bin-setup
105 silly mapToRegistry name node-bin-setup
106 silly mapToRegistry using default registry
107 silly mapToRegistry registry https://registry.npmjs.org/
108 silly mapToRegistry data Result {
108 silly mapToRegistry   raw: 'node-bin-setup',
108 silly mapToRegistry   scope: null,
108 silly mapToRegistry   escapedName: 'node-bin-setup',
108 silly mapToRegistry   name: 'node-bin-setup',
108 silly mapToRegistry   rawSpec: '',
108 silly mapToRegistry   spec: 'latest',
108 silly mapToRegistry   type: 'tag' }
109 silly mapToRegistry uri https://registry.npmjs.org/node-bin-setup
110 verbose addRemoteTarball https://registry.npmjs.org/node-bin-setup/-/node-bin-setup-1.0.6.tgz not in flight; adding
111 verbose addRemoteTarball [ 'https://registry.npmjs.org/node-bin-setup/-/node-bin-setup-1.0.6.tgz',
111 verbose addRemoteTarball   '4b5c9bb937ece702d7069b36ca78af4684677528' ]
112 info retry fetch attempt 1 at 12:30:31
113 info attempt registry request try #1 at 12:30:31
114 http fetch GET https://registry.npmjs.org/node-bin-setup/-/node-bin-setup-1.0.6.tgz
115 http fetch 200 https://registry.npmjs.org/node-bin-setup/-/node-bin-setup-1.0.6.tgz
116 silly fetchAndShaCheck shasum 4b5c9bb937ece702d7069b36ca78af4684677528
117 verbose addTmpTarball /var/folders/zw/vp0rpxk571dbxhk9c6cmzj9r0000gn/T/npm-1121-e68b7a6f/registry.npmjs.org/node-bin-setup/-/node-bin-setup-1.0.6.tgz not in flight; adding
118 verbose addTmpTarball already have metadata; skipping unpack for node-bin-setup@1.0.6
119 verbose correctMkdir /Users/apple/.npm correctMkdir not in flight; initializing
120 silly cache afterAdd node-bin-setup@1.0.6
121 verbose afterAdd /Users/apple/.npm/node-bin-setup/1.0.6/package/package.json not in flight; writing
122 verbose correctMkdir /Users/apple/.npm correctMkdir not in flight; initializing
123 verbose afterAdd /Users/apple/.npm/node-bin-setup/1.0.6/package/package.json written
124 silly loadAllDepsIntoIdealTree Finishing
125 silly loadIdealTree Finishing
126 silly currentTree koatest@1.0.0
126 silly currentTree ├── accepts@1.3.4
126 silly currentTree ├── align-text@0.1.4
126 silly currentTree ├── ansi-regex@2.1.1
126 silly currentTree ├── ansi-styles@2.2.1
126 silly currentTree ├── any-promise@1.3.0
126 silly currentTree ├── async@0.2.10
126 silly currentTree ├── babel-code-frame@6.26.0
126 silly currentTree ├── babel-helper-bindify-decorators@6.24.1
126 silly currentTree ├── babel-helper-builder-binary-assignment-operator-visitor@6.24.1
126 silly currentTree ├── babel-helper-call-delegate@6.24.1
126 silly currentTree ├── babel-helper-define-map@6.26.0
126 silly currentTree ├── babel-helper-explode-assignable-expression@6.24.1
126 silly currentTree ├── babel-helper-explode-class@6.24.1
126 silly currentTree ├── babel-helper-function-name@6.24.1
126 silly currentTree ├── babel-helper-get-function-arity@6.24.1
126 silly currentTree ├── babel-helper-hoist-variables@6.24.1
126 silly currentTree ├── babel-helper-optimise-call-expression@6.24.1
126 silly currentTree ├── babel-helper-regex@6.26.0
126 silly currentTree ├── babel-helper-remap-async-to-generator@6.24.1
126 silly currentTree ├── babel-helper-replace-supers@6.24.1
126 silly currentTree ├── babel-messages@6.23.0
126 silly currentTree ├── babel-plugin-check-es2015-constants@6.22.0
126 silly currentTree ├── babel-plugin-syntax-async-functions@6.13.0
126 silly currentTree ├── babel-plugin-syntax-async-generators@6.13.0
126 silly currentTree ├── babel-plugin-syntax-class-constructor-call@6.18.0
126 silly currentTree ├── babel-plugin-syntax-class-properties@6.13.0
126 silly currentTree ├── babel-plugin-syntax-decorators@6.13.0
126 silly currentTree ├── babel-plugin-syntax-do-expressions@6.13.0
126 silly currentTree ├── babel-plugin-syntax-dynamic-import@6.18.0
126 silly currentTree ├── babel-plugin-syntax-exponentiation-operator@6.13.0
126 silly currentTree ├── babel-plugin-syntax-export-extensions@6.13.0
126 silly currentTree ├── babel-plugin-syntax-function-bind@6.13.0
126 silly currentTree ├── babel-plugin-syntax-object-rest-spread@6.13.0
126 silly currentTree ├── babel-plugin-syntax-trailing-function-commas@6.22.0
126 silly currentTree ├── babel-plugin-transform-async-generator-functions@6.24.1
126 silly currentTree ├── babel-plugin-transform-async-to-generator@6.24.1
126 silly currentTree ├── babel-plugin-transform-class-constructor-call@6.24.1
126 silly currentTree ├── babel-plugin-transform-class-properties@6.24.1
126 silly currentTree ├── babel-plugin-transform-decorators@6.24.1
126 silly currentTree ├── babel-plugin-transform-do-expressions@6.22.0
126 silly currentTree ├── babel-plugin-transform-es2015-arrow-functions@6.22.0
126 silly currentTree ├── babel-plugin-transform-es2015-block-scoped-functions@6.22.0
126 silly currentTree ├── babel-plugin-transform-es2015-block-scoping@6.26.0
126 silly currentTree ├── babel-plugin-transform-es2015-classes@6.24.1
126 silly currentTree ├── babel-plugin-transform-es2015-computed-properties@6.24.1
126 silly currentTree ├── babel-plugin-transform-es2015-destructuring@6.23.0
126 silly currentTree ├── babel-plugin-transform-es2015-duplicate-keys@6.24.1
126 silly currentTree ├── babel-plugin-transform-es2015-for-of@6.23.0
126 silly currentTree ├── babel-plugin-transform-es2015-function-name@6.24.1
126 silly currentTree ├── babel-plugin-transform-es2015-literals@6.22.0
126 silly currentTree ├── babel-plugin-transform-es2015-modules-amd@6.24.1
126 silly currentTree ├── babel-plugin-transform-es2015-modules-commonjs@6.26.0
126 silly currentTree ├── babel-plugin-transform-es2015-modules-systemjs@6.24.1
126 silly currentTree ├── babel-plugin-transform-es2015-modules-umd@6.24.1
126 silly currentTree ├── babel-plugin-transform-es2015-object-super@6.24.1
126 silly currentTree ├── babel-plugin-transform-es2015-parameters@6.24.1
126 silly currentTree ├── babel-plugin-transform-es2015-shorthand-properties@6.24.1
126 silly currentTree ├── babel-plugin-transform-es2015-spread@6.22.0
126 silly currentTree ├── babel-plugin-transform-es2015-sticky-regex@6.24.1
126 silly currentTree ├── babel-plugin-transform-es2015-template-literals@6.22.0
126 silly currentTree ├── babel-plugin-transform-es2015-typeof-symbol@6.23.0
126 silly currentTree ├── babel-plugin-transform-es2015-unicode-regex@6.24.1
126 silly currentTree ├── babel-plugin-transform-exponentiation-operator@6.24.1
126 silly currentTree ├── babel-plugin-transform-export-extensions@6.22.0
126 silly currentTree ├── babel-plugin-transform-function-bind@6.22.0
126 silly currentTree ├── babel-plugin-transform-object-rest-spread@6.26.0
126 silly currentTree ├── babel-plugin-transform-regenerator@6.26.0
126 silly currentTree ├── babel-plugin-transform-strict-mode@6.24.1
126 silly currentTree ├── babel-preset-es2015@6.24.1
126 silly currentTree ├── babel-preset-stage-0@6.24.1
126 silly currentTree ├── babel-preset-stage-1@6.24.1
126 silly currentTree ├── babel-preset-stage-2@6.24.1
126 silly currentTree ├── babel-preset-stage-3@6.24.1
126 silly currentTree ├── babel-runtime@6.26.0
126 silly currentTree ├── babel-template@6.26.0
126 silly currentTree ├─┬ babel-traverse@6.26.0
126 silly currentTree │ └── debug@2.6.9
126 silly currentTree ├── babel-types@6.26.0
126 silly currentTree ├── babylon@6.18.0
126 silly currentTree ├── camelcase@1.2.1
126 silly currentTree ├── center-align@0.1.3
126 silly currentTree ├── chalk@1.1.3
126 silly currentTree ├─┬ cliui@2.1.0
126 silly currentTree │ └── wordwrap@0.0.2
126 silly currentTree ├── co@4.6.0
126 silly currentTree ├── content-disposition@0.5.2
126 silly currentTree ├── content-type@1.0.4
126 silly currentTree ├── cookies@0.6.2
126 silly currentTree ├── core-js@2.5.1
126 silly currentTree ├── debug@3.1.0
126 silly currentTree ├── decamelize@1.2.0
126 silly currentTree ├── deep-equal@1.0.1
126 silly currentTree ├── delegates@1.0.0
126 silly currentTree ├── depd@1.1.1
126 silly currentTree ├── destroy@1.0.4
126 silly currentTree ├── ee-first@1.1.1
126 silly currentTree ├── error-inject@1.0.0
126 silly currentTree ├── escape-html@1.0.3
126 silly currentTree ├── escape-string-regexp@1.0.5
126 silly currentTree ├── esutils@2.0.2
126 silly currentTree ├── fresh@0.3.0
126 silly currentTree ├── globals@9.18.0
126 silly currentTree ├── has-ansi@2.0.0
126 silly currentTree ├── http-assert@1.3.0
126 silly currentTree ├── http-errors@1.6.2
126 silly currentTree ├── inherits@2.0.3
126 silly currentTree ├── invariant@2.2.2
126 silly currentTree ├── is-buffer@1.1.6
126 silly currentTree ├── is-generator-function@1.0.6
126 silly currentTree ├── isarray@0.0.1
126 silly currentTree ├── js-tokens@3.0.2
126 silly currentTree ├── jsesc@0.5.0
126 silly currentTree ├── keygrip@1.0.2
126 silly currentTree ├── kind-of@3.2.2
126 silly currentTree ├── koa-compose@3.2.1
126 silly currentTree ├── koa-convert@1.2.0
126 silly currentTree ├── koa-is-json@1.0.0
126 silly currentTree ├─┬ koa-send@4.1.1
126 silly currentTree │ └── debug@2.6.9
126 silly currentTree ├── koa-simple-router@0.2.0
126 silly currentTree ├─┬ koa-static@4.0.2
126 silly currentTree │ └── debug@2.6.9
126 silly currentTree ├─┬ koa-swig@2.2.1
126 silly currentTree │ └── debug@2.6.9
126 silly currentTree ├── koa@2.0.0-alpha.8
126 silly currentTree ├── lazy-cache@1.0.4
126 silly currentTree ├── lodash@4.17.4
126 silly currentTree ├── longest@1.0.1
126 silly currentTree ├── loose-envify@1.3.1
126 silly currentTree ├── media-typer@0.3.0
126 silly currentTree ├── methods@1.1.2
126 silly currentTree ├── mime-db@1.30.0
126 silly currentTree ├── mime-types@2.1.17
126 silly currentTree ├── minimist@0.0.10
126 silly currentTree ├── ms@2.0.0
126 silly currentTree ├── mz@2.7.0
126 silly currentTree ├── negotiator@0.6.1
126 silly currentTree ├── object-assign@4.1.1
126 silly currentTree ├── on-finished@2.3.0
126 silly currentTree ├── only@0.0.2
126 silly currentTree ├── optimist@0.6.1
126 silly currentTree ├── parseurl@1.3.2
126 silly currentTree ├── path-is-absolute@1.0.1
126 silly currentTree ├── path-to-regexp@1.7.0
126 silly currentTree ├── path@0.12.7
126 silly currentTree ├── private@0.1.8
126 silly currentTree ├── process@0.11.10
126 silly currentTree ├── regenerate@1.3.3
126 silly currentTree ├── regenerator-runtime@0.11.0
126 silly currentTree ├── regenerator-transform@0.10.1
126 silly currentTree ├── regexpu-core@2.0.0
126 silly currentTree ├── regjsgen@0.2.0
126 silly currentTree ├── regjsparser@0.1.5
126 silly currentTree ├── repeat-string@1.6.1
126 silly currentTree ├─┬ resolve-path@1.3.3
126 silly currentTree │ ├── http-errors@1.5.1
126 silly currentTree │ └── setprototypeof@1.0.2
126 silly currentTree ├── right-align@0.1.3
126 silly currentTree ├── setprototypeof@1.0.3
126 silly currentTree ├── source-map@0.5.7
126 silly currentTree ├── statuses@1.4.0
126 silly currentTree ├── strip-ansi@3.0.1
126 silly currentTree ├── supports-color@2.0.0
126 silly currentTree ├── swig-templates@2.0.2
126 silly currentTree ├── thenify-all@1.6.0
126 silly currentTree ├── thenify@3.3.0
126 silly currentTree ├── to-fast-properties@1.0.3
126 silly currentTree ├── type-is@1.6.15
126 silly currentTree ├── uglify-js@2.6.0
126 silly currentTree ├── uglify-to-browserify@1.0.2
126 silly currentTree ├─┬ util@0.10.3
126 silly currentTree │ └── inherits@2.0.1
126 silly currentTree ├── utils-merge@1.0.1
126 silly currentTree ├── vary@1.1.2
126 silly currentTree ├── window-size@0.1.0
126 silly currentTree ├── wordwrap@0.0.3
126 silly currentTree └── yargs@3.10.0
127 silly idealTree koatest@1.0.0
127 silly idealTree ├── accepts@1.3.4
127 silly idealTree ├── align-text@0.1.4
127 silly idealTree ├── ansi-regex@2.1.1
127 silly idealTree ├── ansi-styles@2.2.1
127 silly idealTree ├── any-promise@1.3.0
127 silly idealTree ├── async@0.2.10
127 silly idealTree ├── babel-code-frame@6.26.0
127 silly idealTree ├── babel-helper-bindify-decorators@6.24.1
127 silly idealTree ├── babel-helper-builder-binary-assignment-operator-visitor@6.24.1
127 silly idealTree ├── babel-helper-call-delegate@6.24.1
127 silly idealTree ├── babel-helper-define-map@6.26.0
127 silly idealTree ├── babel-helper-explode-assignable-expression@6.24.1
127 silly idealTree ├── babel-helper-explode-class@6.24.1
127 silly idealTree ├── babel-helper-function-name@6.24.1
127 silly idealTree ├── babel-helper-get-function-arity@6.24.1
127 silly idealTree ├── babel-helper-hoist-variables@6.24.1
127 silly idealTree ├── babel-helper-optimise-call-expression@6.24.1
127 silly idealTree ├── babel-helper-regex@6.26.0
127 silly idealTree ├── babel-helper-remap-async-to-generator@6.24.1
127 silly idealTree ├── babel-helper-replace-supers@6.24.1
127 silly idealTree ├── babel-messages@6.23.0
127 silly idealTree ├── babel-plugin-check-es2015-constants@6.22.0
127 silly idealTree ├── babel-plugin-syntax-async-functions@6.13.0
127 silly idealTree ├── babel-plugin-syntax-async-generators@6.13.0
127 silly idealTree ├── babel-plugin-syntax-class-constructor-call@6.18.0
127 silly idealTree ├── babel-plugin-syntax-class-properties@6.13.0
127 silly idealTree ├── babel-plugin-syntax-decorators@6.13.0
127 silly idealTree ├── babel-plugin-syntax-do-expressions@6.13.0
127 silly idealTree ├── babel-plugin-syntax-dynamic-import@6.18.0
127 silly idealTree ├── babel-plugin-syntax-exponentiation-operator@6.13.0
127 silly idealTree ├── babel-plugin-syntax-export-extensions@6.13.0
127 silly idealTree ├── babel-plugin-syntax-function-bind@6.13.0
127 silly idealTree ├── babel-plugin-syntax-object-rest-spread@6.13.0
127 silly idealTree ├── babel-plugin-syntax-trailing-function-commas@6.22.0
127 silly idealTree ├── babel-plugin-transform-async-generator-functions@6.24.1
127 silly idealTree ├── babel-plugin-transform-async-to-generator@6.24.1
127 silly idealTree ├── babel-plugin-transform-class-constructor-call@6.24.1
127 silly idealTree ├── babel-plugin-transform-class-properties@6.24.1
127 silly idealTree ├── babel-plugin-transform-decorators@6.24.1
127 silly idealTree ├── babel-plugin-transform-do-expressions@6.22.0
127 silly idealTree ├── babel-plugin-transform-es2015-arrow-functions@6.22.0
127 silly idealTree ├── babel-plugin-transform-es2015-block-scoped-functions@6.22.0
127 silly idealTree ├── babel-plugin-transform-es2015-block-scoping@6.26.0
127 silly idealTree ├── babel-plugin-transform-es2015-classes@6.24.1
127 silly idealTree ├── babel-plugin-transform-es2015-computed-properties@6.24.1
127 silly idealTree ├── babel-plugin-transform-es2015-destructuring@6.23.0
127 silly idealTree ├── babel-plugin-transform-es2015-duplicate-keys@6.24.1
127 silly idealTree ├── babel-plugin-transform-es2015-for-of@6.23.0
127 silly idealTree ├── babel-plugin-transform-es2015-function-name@6.24.1
127 silly idealTree ├── babel-plugin-transform-es2015-literals@6.22.0
127 silly idealTree ├── babel-plugin-transform-es2015-modules-amd@6.24.1
127 silly idealTree ├── babel-plugin-transform-es2015-modules-commonjs@6.26.0
127 silly idealTree ├── babel-plugin-transform-es2015-modules-systemjs@6.24.1
127 silly idealTree ├── babel-plugin-transform-es2015-modules-umd@6.24.1
127 silly idealTree ├── babel-plugin-transform-es2015-object-super@6.24.1
127 silly idealTree ├── babel-plugin-transform-es2015-parameters@6.24.1
127 silly idealTree ├── babel-plugin-transform-es2015-shorthand-properties@6.24.1
127 silly idealTree ├── babel-plugin-transform-es2015-spread@6.22.0
127 silly idealTree ├── babel-plugin-transform-es2015-sticky-regex@6.24.1
127 silly idealTree ├── babel-plugin-transform-es2015-template-literals@6.22.0
127 silly idealTree ├── babel-plugin-transform-es2015-typeof-symbol@6.23.0
127 silly idealTree ├── babel-plugin-transform-es2015-unicode-regex@6.24.1
127 silly idealTree ├── babel-plugin-transform-exponentiation-operator@6.24.1
127 silly idealTree ├── babel-plugin-transform-export-extensions@6.22.0
127 silly idealTree ├── babel-plugin-transform-function-bind@6.22.0
127 silly idealTree ├── babel-plugin-transform-object-rest-spread@6.26.0
127 silly idealTree ├── babel-plugin-transform-regenerator@6.26.0
127 silly idealTree ├── babel-plugin-transform-strict-mode@6.24.1
127 silly idealTree ├── babel-preset-es2015@6.24.1
127 silly idealTree ├── babel-preset-stage-0@6.24.1
127 silly idealTree ├── babel-preset-stage-1@6.24.1
127 silly idealTree ├── babel-preset-stage-2@6.24.1
127 silly idealTree ├── babel-preset-stage-3@6.24.1
127 silly idealTree ├── babel-runtime@6.26.0
127 silly idealTree ├── babel-template@6.26.0
127 silly idealTree ├─┬ babel-traverse@6.26.0
127 silly idealTree │ └── debug@2.6.9
127 silly idealTree ├── babel-types@6.26.0
127 silly idealTree ├── babylon@6.18.0
127 silly idealTree ├── camelcase@1.2.1
127 silly idealTree ├── center-align@0.1.3
127 silly idealTree ├── chalk@1.1.3
127 silly idealTree ├─┬ cliui@2.1.0
127 silly idealTree │ └── wordwrap@0.0.2
127 silly idealTree ├── co@4.6.0
127 silly idealTree ├── content-disposition@0.5.2
127 silly idealTree ├── content-type@1.0.4
127 silly idealTree ├── cookies@0.6.2
127 silly idealTree ├── core-js@2.5.1
127 silly idealTree ├── debug@3.1.0
127 silly idealTree ├── decamelize@1.2.0
127 silly idealTree ├── deep-equal@1.0.1
127 silly idealTree ├── delegates@1.0.0
127 silly idealTree ├── depd@1.1.1
127 silly idealTree ├── destroy@1.0.4
127 silly idealTree ├── ee-first@1.1.1
127 silly idealTree ├── error-inject@1.0.0
127 silly idealTree ├── escape-html@1.0.3
127 silly idealTree ├── escape-string-regexp@1.0.5
127 silly idealTree ├── esutils@2.0.2
127 silly idealTree ├── fresh@0.3.0
127 silly idealTree ├── globals@9.18.0
127 silly idealTree ├── has-ansi@2.0.0
127 silly idealTree ├── http-assert@1.3.0
127 silly idealTree ├── http-errors@1.6.2
127 silly idealTree ├── inherits@2.0.3
127 silly idealTree ├── invariant@2.2.2
127 silly idealTree ├── is-buffer@1.1.6
127 silly idealTree ├── is-generator-function@1.0.6
127 silly idealTree ├── isarray@0.0.1
127 silly idealTree ├── js-tokens@3.0.2
127 silly idealTree ├── jsesc@0.5.0
127 silly idealTree ├── keygrip@1.0.2
127 silly idealTree ├── kind-of@3.2.2
127 silly idealTree ├── koa-compose@3.2.1
127 silly idealTree ├── koa-convert@1.2.0
127 silly idealTree ├── koa-is-json@1.0.0
127 silly idealTree ├─┬ koa-send@4.1.1
127 silly idealTree │ └── debug@2.6.9
127 silly idealTree ├── koa-simple-router@0.2.0
127 silly idealTree ├─┬ koa-static@4.0.2
127 silly idealTree │ └── debug@2.6.9
127 silly idealTree ├─┬ koa-swig@2.2.1
127 silly idealTree │ └── debug@2.6.9
127 silly idealTree ├── koa@2.0.0-alpha.8
127 silly idealTree ├── lazy-cache@1.0.4
127 silly idealTree ├── lodash@4.17.4
127 silly idealTree ├── longest@1.0.1
127 silly idealTree ├── loose-envify@1.3.1
127 silly idealTree ├── media-typer@0.3.0
127 silly idealTree ├── methods@1.1.2
127 silly idealTree ├── mime-db@1.30.0
127 silly idealTree ├── mime-types@2.1.17
127 silly idealTree ├── minimist@0.0.10
127 silly idealTree ├── ms@2.0.0
127 silly idealTree ├── mz@2.7.0
127 silly idealTree ├── negotiator@0.6.1
127 silly idealTree ├── node-bin-setup@1.0.6
127 silly idealTree ├── node@9.2.0
127 silly idealTree ├── object-assign@4.1.1
127 silly idealTree ├── on-finished@2.3.0
127 silly idealTree ├── only@0.0.2
127 silly idealTree ├── optimist@0.6.1
127 silly idealTree ├── parseurl@1.3.2
127 silly idealTree ├── path-is-absolute@1.0.1
127 silly idealTree ├── path-to-regexp@1.7.0
127 silly idealTree ├── path@0.12.7
127 silly idealTree ├── private@0.1.8
127 silly idealTree ├── process@0.11.10
127 silly idealTree ├── regenerate@1.3.3
127 silly idealTree ├── regenerator-runtime@0.11.0
127 silly idealTree ├── regenerator-transform@0.10.1
127 silly idealTree ├── regexpu-core@2.0.0
127 silly idealTree ├── regjsgen@0.2.0
127 silly idealTree ├── regjsparser@0.1.5
127 silly idealTree ├── repeat-string@1.6.1
127 silly idealTree ├─┬ resolve-path@1.3.3
127 silly idealTree │ ├── http-errors@1.5.1
127 silly idealTree │ └── setprototypeof@1.0.2
127 silly idealTree ├── right-align@0.1.3
127 silly idealTree ├── setprototypeof@1.0.3
127 silly idealTree ├── source-map@0.5.7
127 silly idealTree ├── statuses@1.4.0
127 silly idealTree ├── strip-ansi@3.0.1
127 silly idealTree ├── supports-color@2.0.0
127 silly idealTree ├── swig-templates@2.0.2
127 silly idealTree ├── thenify-all@1.6.0
127 silly idealTree ├── thenify@3.3.0
127 silly idealTree ├── to-fast-properties@1.0.3
127 silly idealTree ├── type-is@1.6.15
127 silly idealTree ├── uglify-js@2.6.0
127 silly idealTree ├── uglify-to-browserify@1.0.2
127 silly idealTree ├─┬ util@0.10.3
127 silly idealTree │ └── inherits@2.0.1
127 silly idealTree ├── utils-merge@1.0.1
127 silly idealTree ├── vary@1.1.2
127 silly idealTree ├── window-size@0.1.0
127 silly idealTree ├── wordwrap@0.0.3
127 silly idealTree └── yargs@3.10.0
128 silly generateActionsToTake Starting
129 silly install generateActionsToTake
130 silly generateActionsToTake Finishing
131 silly diffTrees action count 2
132 silly diffTrees add node-bin-setup@1.0.6
133 silly diffTrees add node@9.2.0
134 silly decomposeActions action count 16
135 silly decomposeActions fetch node-bin-setup@1.0.6
136 silly decomposeActions extract node-bin-setup@1.0.6
137 silly decomposeActions test node-bin-setup@1.0.6
138 silly decomposeActions preinstall node-bin-setup@1.0.6
139 silly decomposeActions build node-bin-setup@1.0.6
140 silly decomposeActions install node-bin-setup@1.0.6
141 silly decomposeActions postinstall node-bin-setup@1.0.6
142 silly decomposeActions finalize node-bin-setup@1.0.6
143 silly decomposeActions fetch node@9.2.0
144 silly decomposeActions extract node@9.2.0
145 silly decomposeActions test node@9.2.0
146 silly decomposeActions preinstall node@9.2.0
147 silly decomposeActions build node@9.2.0
148 silly decomposeActions install node@9.2.0
149 silly decomposeActions postinstall node@9.2.0
150 silly decomposeActions finalize node@9.2.0
151 silly runTopLevelLifecycles Starting
152 silly executeActions Starting
153 silly install executeActions
154 silly doSerial global-install 0
155 silly doParallel fetch 2
156 verbose correctMkdir /Users/apple/.npm/_locks correctMkdir not in flight; initializing
157 verbose lock using /Users/apple/.npm/_locks/staging-787da9abb788697a.lock for /Users/apple/Desktop/koatest/node_modules/.staging
158 silly doParallel extract 2
159 silly extract node-bin-setup@1.0.6
160 silly extract node@9.2.0
161 verbose unbuild node_modules/.staging/node-bin-setup-f121d574
162 verbose unbuild node_modules/.staging/node-775cfa3e
163 silly gentlyRm /Users/apple/Desktop/koatest/node_modules/.staging/node-bin-setup-f121d574 is being purged from base /Users/apple/Desktop/koatest
164 verbose gentlyRm don't care about contents; nuking /Users/apple/Desktop/koatest/node_modules/.staging/node-bin-setup-f121d574
165 verbose tar unpack /Users/apple/.npm/node-bin-setup/1.0.6/package.tgz
166 verbose tar unpacking to /Users/apple/Desktop/koatest/node_modules/.staging/node-bin-setup-f121d574
167 silly gentlyRm /Users/apple/Desktop/koatest/node_modules/.staging/node-bin-setup-f121d574 is being purged
168 verbose gentlyRm don't care about contents; nuking /Users/apple/Desktop/koatest/node_modules/.staging/node-bin-setup-f121d574
169 silly gentlyRm /Users/apple/Desktop/koatest/node_modules/.staging/node-775cfa3e is being purged from base /Users/apple/Desktop/koatest
170 verbose gentlyRm don't care about contents; nuking /Users/apple/Desktop/koatest/node_modules/.staging/node-775cfa3e
171 silly gunzTarPerm modes [ '755', '644' ]
172 verbose tar unpack /Users/apple/.npm/node/9.2.0/package.tgz
173 verbose tar unpacking to /Users/apple/Desktop/koatest/node_modules/.staging/node-775cfa3e
174 silly gentlyRm /Users/apple/Desktop/koatest/node_modules/.staging/node-775cfa3e is being purged
175 verbose gentlyRm don't care about contents; nuking /Users/apple/Desktop/koatest/node_modules/.staging/node-775cfa3e
176 silly gunzTarPerm modes [ '755', '644' ]
177 silly gunzTarPerm extractEntry package.json
178 silly gunzTarPerm extractEntry package.json
179 silly gunzTarPerm extractEntry installArchSpecificPackage.js
180 silly gunzTarPerm extractEntry README.md
181 silly gunzTarPerm extractEntry index.js
182 silly gentlyRm /Users/apple/Desktop/koatest/node_modules/.staging/node-bin-setup-f121d574/node_modules is being purged
183 verbose gentlyRm don't care about contents; nuking /Users/apple/Desktop/koatest/node_modules/.staging/node-bin-setup-f121d574/node_modules
184 silly gentlyRm /Users/apple/Desktop/koatest/node_modules/.staging/node-775cfa3e/node_modules is being purged
185 verbose gentlyRm don't care about contents; nuking /Users/apple/Desktop/koatest/node_modules/.staging/node-775cfa3e/node_modules
186 silly doParallel preinstall 2
187 silly preinstall node-bin-setup@1.0.6 /Users/apple/Desktop/koatest/node_modules/.staging/node-bin-setup-f121d574
188 info lifecycle node-bin-setup@1.0.6~preinstall: node-bin-setup@1.0.6
189 silly preinstall node@9.2.0 /Users/apple/Desktop/koatest/node_modules/.staging/node-775cfa3e
190 info lifecycle node@9.2.0~preinstall: node@9.2.0
191 silly lifecycle node-bin-setup@1.0.6~preinstall: no script for preinstall, continuing
192 verbose lifecycle node@9.2.0~preinstall: unsafe-perm in lifecycle true
193 verbose lifecycle node@9.2.0~preinstall: PATH: /usr/local/lib/node_modules/npm/bin/node-gyp-bin:/Users/apple/Desktop/koatest/node_modules/.staging/node-775cfa3e/node_modules/.bin:/Users/apple/Desktop/koatest/node_modules/.bin:/usr/local/bin:/usr/bin:/bin:/usr/sbin:/sbin:/Applications/VMware Fusion.app/Contents/Public
194 verbose lifecycle node@9.2.0~preinstall: CWD: /Users/apple/Desktop/koatest/node_modules/.staging/node-775cfa3e
195 silly lifecycle node@9.2.0~preinstall: Args: [ '-c', 'node installArchSpecificPackage' ]
196 silly lifecycle node@9.2.0~preinstall: Returned: code: 1  signal: null
197 info lifecycle node@9.2.0~preinstall: Failed to exec preinstall script
198 verbose unlock done using /Users/apple/.npm/_locks/staging-787da9abb788697a.lock for /Users/apple/Desktop/koatest/node_modules/.staging
199 silly rollbackFailedOptional Starting
200 silly rollbackFailedOptional Finishing
201 silly runTopLevelLifecycles Finishing
202 silly install printInstalled
203 warn koatest@1.0.0 No description
204 verbose If you need help, you may report this error at:
204 verbose     <https://github.com/npm/npm/issues>
205 warn koatest@1.0.0 No repository field.
206 verbose If you need help, you may report this error at:
206 verbose     <https://github.com/npm/npm/issues>
207 verbose stack Error: node@9.2.0 preinstall: `node installArchSpecificPackage`
207 verbose stack Exit status 1
207 verbose stack     at EventEmitter.<anonymous> (/usr/local/lib/node_modules/npm/lib/utils/lifecycle.js:255:16)
207 verbose stack     at emitTwo (events.js:106:13)
207 verbose stack     at EventEmitter.emit (events.js:191:7)
207 verbose stack     at ChildProcess.<anonymous> (/usr/local/lib/node_modules/npm/lib/utils/spawn.js:40:14)
207 verbose stack     at emitTwo (events.js:106:13)
207 verbose stack     at ChildProcess.emit (events.js:191:7)
207 verbose stack     at maybeClose (internal/child_process.js:886:16)
207 verbose stack     at Process.ChildProcess._handle.onexit (internal/child_process.js:226:5)
208 verbose pkgid node@9.2.0
209 verbose cwd /Users/apple/Desktop/koatest
210 error Darwin 17.2.0
211 error argv "/usr/local/bin/node" "/usr/local/bin/npm" "install" "node"
212 error node v6.10.3
213 error npm  v3.10.10
214 error code ELIFECYCLE
215 error node@9.2.0 preinstall: `node installArchSpecificPackage`
215 error Exit status 1
216 error Failed at the node@9.2.0 preinstall script 'node installArchSpecificPackage'.
216 error Make sure you have the latest version of node.js and npm installed.
216 error If you do, this is most likely a problem with the node package,
216 error not with npm itself.
216 error Tell the author that this fails on your system:
216 error     node installArchSpecificPackage
216 error You can get information on how to open an issue for this project with:
216 error     npm bugs node
216 error Or if that isn't available, you can get their info via:
216 error     npm owner ls node
216 error There is likely additional logging output above.
217 verbose exit [ 1, true ]
